29-Mar-2016 18:23:44.318 INFO [main] org.apache.catalina.startup.VersionLoggerListener.log Server version:        Apache Tomcat/8.0.30
29-Mar-2016 18:23:44.318 INFO [main] org.apache.catalina.startup.VersionLoggerListener.log Server built:          Dec 1 2015 22:30:46 UTC
29-Mar-2016 18:23:44.318 INFO [main] org.apache.catalina.startup.VersionLoggerListener.log Server number:         8.0.30.0
29-Mar-2016 18:23:44.318 INFO [main] org.apache.catalina.startup.VersionLoggerListener.log OS Name:               Windows Server 2012
29-Mar-2016 18:23:44.318 INFO [main] org.apache.catalina.startup.VersionLoggerListener.log OS Version:            6.2
29-Mar-2016 18:23:44.318 INFO [main] org.apache.catalina.startup.VersionLoggerListener.log Architecture:          amd64
29-Mar-2016 18:23:44.318 INFO [main] org.apache.catalina.startup.VersionLoggerListener.log Java Home:             D:\Program Files\Java\jdk1.7.0_51\jre
29-Mar-2016 18:23:44.318 INFO [main] org.apache.catalina.startup.VersionLoggerListener.log JVM Version:           1.7.0_51-b13
29-Mar-2016 18:23:44.318 INFO [main] org.apache.catalina.startup.VersionLoggerListener.log JVM Vendor:            Oracle Corporation
29-Mar-2016 18:23:44.318 INFO [main] org.apache.catalina.startup.VersionLoggerListener.log CATALINA_BASE:         D:\home\site\wwwroot\bin\apache-tomcat-8.0.30
29-Mar-2016 18:23:44.318 INFO [main] org.apache.catalina.startup.VersionLoggerListener.log CATALINA_HOME:         D:\home\site\wwwroot\bin\apache-tomcat-8.0.30
29-Mar-2016 18:23:44.318 INFO [main] org.apache.catalina.startup.VersionLoggerListener.log Command line argument: -Djava.net.preferIPv4Stack=true
29-Mar-2016 18:23:44.318 INFO [main] org.apache.catalina.startup.VersionLoggerListener.log Command line argument: -Djava.util.logging.config.file=d:\home\site\wwwroot\bin\apache-tomcat-8.0.30\conf\logging.properties
29-Mar-2016 18:23:44.318 INFO [main] org.apache.catalina.startup.VersionLoggerListener.log Command line argument: -Djava.util.logging.manager=org.apache.juli.ClassLoaderLogManager
29-Mar-2016 18:23:44.318 INFO [main] org.apache.catalina.startup.VersionLoggerListener.log Command line argument: -Dport.http=29905
29-Mar-2016 18:23:44.318 INFO [main] org.apache.catalina.startup.VersionLoggerListener.log Command line argument: -Djava.endorsed.dirs=d:\home\site\wwwroot\bin\apache-tomcat-8.0.30\endorsed
29-Mar-2016 18:23:44.318 INFO [main] org.apache.catalina.startup.VersionLoggerListener.log Command line argument: -Dcatalina.base=d:\home\site\wwwroot\bin\apache-tomcat-8.0.30
29-Mar-2016 18:23:44.318 INFO [main] org.apache.catalina.startup.VersionLoggerListener.log Command line argument: -Dcatalina.home=d:\home\site\wwwroot\bin\apache-tomcat-8.0.30
29-Mar-2016 18:23:44.318 INFO [main] org.apache.catalina.startup.VersionLoggerListener.log Command line argument: -Djava.io.tmpdir=d:\home\site\wwwroot\bin\apache-tomcat-8.0.30\temp
29-Mar-2016 18:23:44.318 INFO [main] org.apache.catalina.core.AprLifecycleListener.lifecycleEvent The APR based Apache Tomcat Native library which allows optimal performance in production environments was not found on the java.library.path: D:\Program Files\Java\jdk1.7.0_51\bin;D:\Windows\Sun\Java\bin;D:\Windows\system32;D:\Windows;D:\Windows\system32;D:\Windows;D:\Windows\System32\Wbem;D:\Windows\System32\WindowsPowerShell\v1.0\;D:\Users\Administrator\AppData\Roaming\npm;D:\Program Files (x86)\nodejs\;d:\Program Files (x86)\Microsoft ASP.NET\ASP.NET Web Pages\v1.0\;D:\Program Files (x86)\Mercurial\;D:\Program Files (x86)\PHP\v5.4;D:\Python27;;.
29-Mar-2016 18:23:45.120 INFO [main] org.apache.coyote.AbstractProtocol.init Initializing ProtocolHandler ["http-nio-127.0.0.1-29905"]
29-Mar-2016 18:23:45.182 INFO [main] org.apache.tomcat.util.net.NioSelectorPool.getSharedSelector Using a shared selector for servlet write/read
29-Mar-2016 18:23:45.198 INFO [main] org.apache.coyote.AbstractProtocol.init Initializing ProtocolHandler ["ajp-nio-8009"]
29-Mar-2016 18:23:45.198 INFO [main] org.apache.tomcat.util.net.NioSelectorPool.getSharedSelector Using a shared selector for servlet write/read
29-Mar-2016 18:23:45.198 INFO [main] org.apache.catalina.startup.Catalina.load Initialization processed in 4320 ms
29-Mar-2016 18:23:45.370 INFO [main] org.apache.catalina.core.StandardService.startInternal Starting service Catalina
29-Mar-2016 18:23:45.370 INFO [main] org.apache.catalina.core.StandardEngine.startInternal Starting Servlet Engine: Apache Tomcat/8.0.30
29-Mar-2016 18:23:45.526 INFO [localhost-startStop-1] org.apache.catalina.startup.HostConfig.deployDirectory Deploying web application directory D:\home\site\wwwroot\bin\apache-tomcat-8.0.30\webapps\docs
29-Mar-2016 18:23:52.480 INFO [localhost-startStop-1] org.apache.catalina.util.SessionIdGeneratorBase.createSecureRandom Creation of SecureRandom instance for session ID generation using [SHA1PRNG] took [5,000] milliseconds.
29-Mar-2016 18:23:52.824 INFO [localhost-startStop-1] org.apache.catalina.startup.HostConfig.deployDirectory Deployment of web application directory D:\home\site\wwwroot\bin\apache-tomcat-8.0.30\webapps\docs has finished in 7,298 ms
29-Mar-2016 18:23:52.824 INFO [localhost-startStop-1] org.apache.catalina.startup.HostConfig.deployDirectory Deploying web application directory D:\home\site\wwwroot\bin\apache-tomcat-8.0.30\webapps\examples
29-Mar-2016 18:24:00.869 INFO [localhost-startStop-1] org.apache.catalina.startup.HostConfig.deployDirectory Deployment of web application directory D:\home\site\wwwroot\bin\apache-tomcat-8.0.30\webapps\examples has finished in 8,045 ms
29-Mar-2016 18:24:00.869 INFO [localhost-startStop-1] org.apache.catalina.startup.HostConfig.deployDirectory Deploying web application directory D:\home\site\wwwroot\bin\apache-tomcat-8.0.30\webapps\host-manager
29-Mar-2016 18:24:01.403 INFO [localhost-startStop-1] org.apache.catalina.startup.HostConfig.deployDirectory Deployment of web application directory D:\home\site\wwwroot\bin\apache-tomcat-8.0.30\webapps\host-manager has finished in 534 ms
29-Mar-2016 18:24:01.403 INFO [localhost-startStop-1] org.apache.catalina.startup.HostConfig.deployDirectory Deploying web application directory D:\home\site\wwwroot\bin\apache-tomcat-8.0.30\webapps\manager
29-Mar-2016 18:24:01.841 INFO [localhost-startStop-1] org.apache.catalina.startup.HostConfig.deployDirectory Deployment of web application directory D:\home\site\wwwroot\bin\apache-tomcat-8.0.30\webapps\manager has finished in 438 ms
29-Mar-2016 18:24:01.841 INFO [localhost-startStop-1] org.apache.catalina.startup.HostConfig.deployDirectory Deploying web application directory D:\home\site\wwwroot\bin\apache-tomcat-8.0.30\webapps\ROOT
29-Mar-2016 18:24:02.153 INFO [localhost-startStop-1] org.apache.catalina.startup.HostConfig.deployDirectory Deployment of web application directory D:\home\site\wwwroot\bin\apache-tomcat-8.0.30\webapps\ROOT has finished in 312 ms
29-Mar-2016 18:24:02.169 INFO [main] org.apache.coyote.AbstractProtocol.start Starting ProtocolHandler ["http-nio-127.0.0.1-29905"]
29-Mar-2016 18:24:02.184 INFO [main] org.apache.coyote.AbstractProtocol.start Starting ProtocolHandler ["ajp-nio-8009"]
29-Mar-2016 18:24:02.184 INFO [main] org.apache.catalina.startup.Catalina.start Server startup in 16992 ms
