25-Mar-2016 19:28:39.376 INFO [main] org.apache.catalina.startup.VersionLoggerListener.log Server version:        Apache Tomcat/8.0.30
25-Mar-2016 19:28:39.391 INFO [main] org.apache.catalina.startup.VersionLoggerListener.log Server built:          Dec 1 2015 22:30:46 UTC
25-Mar-2016 19:28:39.391 INFO [main] org.apache.catalina.startup.VersionLoggerListener.log Server number:         8.0.30.0
25-Mar-2016 19:28:39.391 INFO [main] org.apache.catalina.startup.VersionLoggerListener.log OS Name:               Windows Server 2012
25-Mar-2016 19:28:39.391 INFO [main] org.apache.catalina.startup.VersionLoggerListener.log OS Version:            6.2
25-Mar-2016 19:28:39.391 INFO [main] org.apache.catalina.startup.VersionLoggerListener.log Architecture:          amd64
25-Mar-2016 19:28:39.391 INFO [main] org.apache.catalina.startup.VersionLoggerListener.log Java Home:             D:\Program Files\Java\jdk1.7.0_51\jre
25-Mar-2016 19:28:39.391 INFO [main] org.apache.catalina.startup.VersionLoggerListener.log JVM Version:           1.7.0_51-b13
25-Mar-2016 19:28:39.391 INFO [main] org.apache.catalina.startup.VersionLoggerListener.log JVM Vendor:            Oracle Corporation
25-Mar-2016 19:28:39.391 INFO [main] org.apache.catalina.startup.VersionLoggerListener.log CATALINA_BASE:         D:\home\site\wwwroot\bin\apache-tomcat-8.0.30
25-Mar-2016 19:28:39.391 INFO [main] org.apache.catalina.startup.VersionLoggerListener.log CATALINA_HOME:         D:\home\site\wwwroot\bin\apache-tomcat-8.0.30
25-Mar-2016 19:28:39.391 INFO [main] org.apache.catalina.startup.VersionLoggerListener.log Command line argument: -Djava.net.preferIPv4Stack=true
25-Mar-2016 19:28:39.391 INFO [main] org.apache.catalina.startup.VersionLoggerListener.log Command line argument: -Djava.util.logging.config.file=d:\home\site\wwwroot\bin\apache-tomcat-8.0.30\conf\logging.properties
25-Mar-2016 19:28:39.391 INFO [main] org.apache.catalina.startup.VersionLoggerListener.log Command line argument: -Djava.util.logging.manager=org.apache.juli.ClassLoaderLogManager
25-Mar-2016 19:28:39.391 INFO [main] org.apache.catalina.startup.VersionLoggerListener.log Command line argument: -Dport.http=28168
25-Mar-2016 19:28:39.391 INFO [main] org.apache.catalina.startup.VersionLoggerListener.log Command line argument: -Djava.endorsed.dirs=d:\home\site\wwwroot\bin\apache-tomcat-8.0.30\endorsed
25-Mar-2016 19:28:39.391 INFO [main] org.apache.catalina.startup.VersionLoggerListener.log Command line argument: -Dcatalina.base=d:\home\site\wwwroot\bin\apache-tomcat-8.0.30
25-Mar-2016 19:28:39.391 INFO [main] org.apache.catalina.startup.VersionLoggerListener.log Command line argument: -Dcatalina.home=d:\home\site\wwwroot\bin\apache-tomcat-8.0.30
25-Mar-2016 19:28:39.391 INFO [main] org.apache.catalina.startup.VersionLoggerListener.log Command line argument: -Djava.io.tmpdir=d:\home\site\wwwroot\bin\apache-tomcat-8.0.30\temp
25-Mar-2016 19:28:39.391 INFO [main] org.apache.catalina.core.AprLifecycleListener.lifecycleEvent The APR based Apache Tomcat Native library which allows optimal performance in production environments was not found on the java.library.path: D:\Program Files\Java\jdk1.7.0_51\bin;D:\Windows\Sun\Java\bin;D:\Windows\system32;D:\Windows;D:\Windows\system32;D:\Windows;D:\Windows\System32\Wbem;D:\Windows\System32\WindowsPowerShell\v1.0\;D:\Users\Administrator\AppData\Roaming\npm;D:\Program Files (x86)\nodejs\;d:\Program Files (x86)\Microsoft ASP.NET\ASP.NET Web Pages\v1.0\;D:\Program Files (x86)\Mercurial\;D:\Program Files (x86)\PHP\v5.4;D:\Python27;;.
25-Mar-2016 19:28:40.226 INFO [main] org.apache.coyote.AbstractProtocol.init Initializing ProtocolHandler ["http-nio-127.0.0.1-28168"]
25-Mar-2016 19:28:40.320 INFO [main] org.apache.tomcat.util.net.NioSelectorPool.getSharedSelector Using a shared selector for servlet write/read
25-Mar-2016 19:28:40.320 INFO [main] org.apache.coyote.AbstractProtocol.init Initializing ProtocolHandler ["ajp-nio-8009"]
25-Mar-2016 19:28:40.336 INFO [main] org.apache.tomcat.util.net.NioSelectorPool.getSharedSelector Using a shared selector for servlet write/read
25-Mar-2016 19:28:40.336 INFO [main] org.apache.catalina.startup.Catalina.load Initialization processed in 2517 ms
25-Mar-2016 19:28:40.429 INFO [main] org.apache.catalina.core.StandardService.startInternal Starting service Catalina
25-Mar-2016 19:28:40.429 INFO [main] org.apache.catalina.core.StandardEngine.startInternal Starting Servlet Engine: Apache Tomcat/8.0.30
25-Mar-2016 19:28:40.476 INFO [localhost-startStop-1] org.apache.catalina.startup.HostConfig.deployDirectory Deploying web application directory D:\home\site\wwwroot\bin\apache-tomcat-8.0.30\webapps\docs
25-Mar-2016 19:28:46.530 INFO [localhost-startStop-1] org.apache.catalina.util.SessionIdGeneratorBase.createSecureRandom Creation of SecureRandom instance for session ID generation using [SHA1PRNG] took [5,015] milliseconds.
25-Mar-2016 19:28:46.686 INFO [localhost-startStop-1] org.apache.catalina.startup.HostConfig.deployDirectory Deployment of web application directory D:\home\site\wwwroot\bin\apache-tomcat-8.0.30\webapps\docs has finished in 6,195 ms
25-Mar-2016 19:28:46.686 INFO [localhost-startStop-1] org.apache.catalina.startup.HostConfig.deployDirectory Deploying web application directory D:\home\site\wwwroot\bin\apache-tomcat-8.0.30\webapps\examples
25-Mar-2016 19:28:50.202 INFO [localhost-startStop-1] org.apache.catalina.startup.HostConfig.deployDirectory Deployment of web application directory D:\home\site\wwwroot\bin\apache-tomcat-8.0.30\webapps\examples has finished in 3,516 ms
25-Mar-2016 19:28:50.202 INFO [localhost-startStop-1] org.apache.catalina.startup.HostConfig.deployDirectory Deploying web application directory D:\home\site\wwwroot\bin\apache-tomcat-8.0.30\webapps\host-manager
25-Mar-2016 19:28:50.389 INFO [localhost-startStop-1] org.apache.catalina.startup.HostConfig.deployDirectory Deployment of web application directory D:\home\site\wwwroot\bin\apache-tomcat-8.0.30\webapps\host-manager has finished in 187 ms
25-Mar-2016 19:28:50.389 INFO [localhost-startStop-1] org.apache.catalina.startup.HostConfig.deployDirectory Deploying web application directory D:\home\site\wwwroot\bin\apache-tomcat-8.0.30\webapps\manager
25-Mar-2016 19:28:50.577 INFO [localhost-startStop-1] org.apache.catalina.startup.HostConfig.deployDirectory Deployment of web application directory D:\home\site\wwwroot\bin\apache-tomcat-8.0.30\webapps\manager has finished in 188 ms
25-Mar-2016 19:28:50.577 INFO [localhost-startStop-1] org.apache.catalina.startup.HostConfig.deployDirectory Deploying web application directory D:\home\site\wwwroot\bin\apache-tomcat-8.0.30\webapps\ROOT
25-Mar-2016 19:28:50.733 INFO [localhost-startStop-1] org.apache.catalina.startup.HostConfig.deployDirectory Deployment of web application directory D:\home\site\wwwroot\bin\apache-tomcat-8.0.30\webapps\ROOT has finished in 156 ms
25-Mar-2016 19:28:50.749 INFO [main] org.apache.coyote.AbstractProtocol.start Starting ProtocolHandler ["http-nio-127.0.0.1-28168"]
25-Mar-2016 19:28:50.764 INFO [main] org.apache.coyote.AbstractProtocol.start Starting ProtocolHandler ["ajp-nio-8009"]
25-Mar-2016 19:28:50.764 INFO [main] org.apache.catalina.startup.Catalina.start Server startup in 10437 ms
